2023/10/21 12:14:38 [alert] 77991#0: lua_code_cache is off; this will hurt performance in /home/yungblk/Projects/recipeHub-rest-api/nginx.conf.compiled:20
2023/10/21 12:14:38 [error] 77991#0: init_by_lua error: init_by_lua(nginx.conf.compiled:14):2: module 'lpeg' not found:
	no field package.preload['lpeg']
	no file '/usr/local/openresty/site/lualib/lpeg.ljbc'
	no file '/usr/local/openresty/site/lualib/lpeg/init.ljbc'
	no file '/usr/local/openresty/lualib/lpeg.ljbc'
	no file '/usr/local/openresty/lualib/lpeg/init.ljbc'
	no file '/usr/local/openresty/site/lualib/lpeg.lua'
	no file '/usr/local/openresty/site/lualib/lpeg/init.lua'
	no file '/usr/local/openresty/lualib/lpeg.lua'
	no file '/usr/local/openresty/lualib/lpeg/init.lua'
	no file './lpeg.lua'
	no file '/usr/local/openresty/luajit/share/luajit-2.1.0-beta3/lpeg.lua'
	no file '/usr/local/share/lua/5.1/lpeg.lua'
	no file '/usr/local/share/lua/5.1/lpeg/init.lua'
	no file '/usr/local/openresty/luajit/share/lua/5.1/lpeg.lua'
	no file '/usr/local/openresty/luajit/share/lua/5.1/lpeg/init.lua'
	no file '/usr/local/openresty/site/lualib/lpeg.so'
	no file '/usr/local/openresty/lualib/lpeg.so'
	no file './lpeg.so'
	no file '/usr/local/lib/lua/5.1/lpeg.so'
	no file '/usr/local/openresty/luajit/lib/lua/5.1/lpeg.so'
	no file '/usr/local/lib/lua/5.1/loadall.so'
stack traceback:
	[C]: in function 'require'
	init_by_lua(nginx.conf.compiled:14):2: in main chunk
2023/10/21 12:16:58 [alert] 78400#0: lua_code_cache is off; this will hurt performance in /home/yungblk/Projects/recipeHub-rest-api/nginx.conf.compiled:20
2023/10/21 12:16:58 [error] 78400#0: init_by_lua error: init_by_lua(nginx.conf.compiled:14):2: module 'lpeg' not found:
	no field package.preload['lpeg']
	no file '/usr/local/openresty/site/lualib/lpeg.ljbc'
	no file '/usr/local/openresty/site/lualib/lpeg/init.ljbc'
	no file '/usr/local/openresty/lualib/lpeg.ljbc'
	no file '/usr/local/openresty/lualib/lpeg/init.ljbc'
	no file '/usr/local/openresty/site/lualib/lpeg.lua'
	no file '/usr/local/openresty/site/lualib/lpeg/init.lua'
	no file '/usr/local/openresty/lualib/lpeg.lua'
	no file '/usr/local/openresty/lualib/lpeg/init.lua'
	no file './lpeg.lua'
	no file '/usr/local/openresty/luajit/share/luajit-2.1.0-beta3/lpeg.lua'
	no file '/usr/local/share/lua/5.1/lpeg.lua'
	no file '/usr/local/share/lua/5.1/lpeg/init.lua'
	no file '/usr/local/openresty/luajit/share/lua/5.1/lpeg.lua'
	no file '/usr/local/openresty/luajit/share/lua/5.1/lpeg/init.lua'
	no file '/usr/local/openresty/site/lualib/lpeg.so'
	no file '/usr/local/openresty/lualib/lpeg.so'
	no file './lpeg.so'
	no file '/usr/local/lib/lua/5.1/lpeg.so'
	no file '/usr/local/openresty/luajit/lib/lua/5.1/lpeg.so'
	no file '/usr/local/lib/lua/5.1/loadall.so'
stack traceback:
	[C]: in function 'require'
	init_by_lua(nginx.conf.compiled:14):2: in main chunk
2023/10/21 12:17:35 [alert] 78437#0: lua_code_cache is off; this will hurt performance in /home/yungblk/Projects/recipeHub-rest-api/nginx.conf.compiled:20
2023/10/21 12:17:35 [error] 78437#0: init_by_lua error: init_by_lua(nginx.conf.compiled:14):2: module 'lpeg' not found:
	no field package.preload['lpeg']
	no file '/usr/local/openresty/site/lualib/lpeg.ljbc'
	no file '/usr/local/openresty/site/lualib/lpeg/init.ljbc'
	no file '/usr/local/openresty/lualib/lpeg.ljbc'
	no file '/usr/local/openresty/lualib/lpeg/init.ljbc'
	no file '/usr/local/openresty/site/lualib/lpeg.lua'
	no file '/usr/local/openresty/site/lualib/lpeg/init.lua'
	no file '/usr/local/openresty/lualib/lpeg.lua'
	no file '/usr/local/openresty/lualib/lpeg/init.lua'
	no file './lpeg.lua'
	no file '/usr/local/openresty/luajit/share/luajit-2.1.0-beta3/lpeg.lua'
	no file '/usr/local/share/lua/5.1/lpeg.lua'
	no file '/usr/local/share/lua/5.1/lpeg/init.lua'
	no file '/usr/local/openresty/luajit/share/lua/5.1/lpeg.lua'
	no file '/usr/local/openresty/luajit/share/lua/5.1/lpeg/init.lua'
	no file '/usr/local/openresty/site/lualib/lpeg.so'
	no file '/usr/local/openresty/lualib/lpeg.so'
	no file './lpeg.so'
	no file '/usr/local/lib/lua/5.1/lpeg.so'
	no file '/usr/local/openresty/luajit/lib/lua/5.1/lpeg.so'
	no file '/usr/local/lib/lua/5.1/loadall.so'
stack traceback:
	[C]: in function 'require'
	init_by_lua(nginx.conf.compiled:14):2: in main chunk
2023/10/21 12:17:57 [alert] 78611#0: lua_code_cache is off; this will hurt performance in /home/yungblk/Projects/recipeHub-rest-api/nginx.conf.compiled:20
2023/10/21 12:17:57 [error] 78611#0: init_by_lua error: init_by_lua(nginx.conf.compiled:14):2: module 'lpeg' not found:
	no field package.preload['lpeg']
	no file '/usr/local/openresty/site/lualib/lpeg.ljbc'
	no file '/usr/local/openresty/site/lualib/lpeg/init.ljbc'
	no file '/usr/local/openresty/lualib/lpeg.ljbc'
	no file '/usr/local/openresty/lualib/lpeg/init.ljbc'
	no file '/usr/local/openresty/site/lualib/lpeg.lua'
	no file '/usr/local/openresty/site/lualib/lpeg/init.lua'
	no file '/usr/local/openresty/lualib/lpeg.lua'
	no file '/usr/local/openresty/lualib/lpeg/init.lua'
	no file './lpeg.lua'
	no file '/usr/local/openresty/luajit/share/luajit-2.1.0-beta3/lpeg.lua'
	no file '/usr/local/share/lua/5.1/lpeg.lua'
	no file '/usr/local/share/lua/5.1/lpeg/init.lua'
	no file '/usr/local/openresty/luajit/share/lua/5.1/lpeg.lua'
	no file '/usr/local/openresty/luajit/share/lua/5.1/lpeg/init.lua'
	no file '/usr/local/openresty/site/lualib/lpeg.so'
	no file '/usr/local/openresty/lualib/lpeg.so'
	no file './lpeg.so'
	no file '/usr/local/lib/lua/5.1/lpeg.so'
	no file '/usr/local/openresty/luajit/lib/lua/5.1/lpeg.so'
	no file '/usr/local/lib/lua/5.1/loadall.so'
stack traceback:
	[C]: in function 'require'
	init_by_lua(nginx.conf.compiled:14):2: in main chunk
2023/10/21 12:18:12 [alert] 78626#0: lua_code_cache is off; this will hurt performance in /home/yungblk/Projects/recipeHub-rest-api/nginx.conf.compiled:20
2023/10/21 12:18:12 [error] 78626#0: init_by_lua error: init_by_lua(nginx.conf.compiled:14):2: module 'lpeg' not found:
	no field package.preload['lpeg']
	no file '/usr/local/openresty/site/lualib/lpeg.ljbc'
	no file '/usr/local/openresty/site/lualib/lpeg/init.ljbc'
	no file '/usr/local/openresty/lualib/lpeg.ljbc'
	no file '/usr/local/openresty/lualib/lpeg/init.ljbc'
	no file '/usr/local/openresty/site/lualib/lpeg.lua'
	no file '/usr/local/openresty/site/lualib/lpeg/init.lua'
	no file '/usr/local/openresty/lualib/lpeg.lua'
	no file '/usr/local/openresty/lualib/lpeg/init.lua'
	no file './lpeg.lua'
	no file '/usr/local/openresty/luajit/share/luajit-2.1.0-beta3/lpeg.lua'
	no file '/usr/local/share/lua/5.1/lpeg.lua'
	no file '/usr/local/share/lua/5.1/lpeg/init.lua'
	no file '/usr/local/openresty/luajit/share/lua/5.1/lpeg.lua'
	no file '/usr/local/openresty/luajit/share/lua/5.1/lpeg/init.lua'
	no file '/usr/local/openresty/site/lualib/lpeg.so'
	no file '/usr/local/openresty/lualib/lpeg.so'
	no file './lpeg.so'
	no file '/usr/local/lib/lua/5.1/lpeg.so'
	no file '/usr/local/openresty/luajit/lib/lua/5.1/lpeg.so'
	no file '/usr/local/lib/lua/5.1/loadall.so'
stack traceback:
	[C]: in function 'require'
	init_by_lua(nginx.conf.compiled:14):2: in main chunk
2023/10/21 12:23:21 [alert] 79521#0: lua_code_cache is off; this will hurt performance in /home/yungblk/Projects/recipeHub-rest-api/nginx.conf.compiled:20
2023/10/21 12:23:21 [error] 79521#0: init_by_lua error: init_by_lua(nginx.conf.compiled:14):2: module 'lpeg' not found:
	no field package.preload['lpeg']
	no file '/usr/local/openresty/site/lualib/lpeg.ljbc'
	no file '/usr/local/openresty/site/lualib/lpeg/init.ljbc'
	no file '/usr/local/openresty/lualib/lpeg.ljbc'
	no file '/usr/local/openresty/lualib/lpeg/init.ljbc'
	no file '/usr/local/openresty/site/lualib/lpeg.lua'
	no file '/usr/local/openresty/site/lualib/lpeg/init.lua'
	no file '/usr/local/openresty/lualib/lpeg.lua'
	no file '/usr/local/openresty/lualib/lpeg/init.lua'
	no file './lpeg.lua'
	no file '/usr/local/openresty/luajit/share/luajit-2.1.0-beta3/lpeg.lua'
	no file '/usr/local/share/lua/5.1/lpeg.lua'
	no file '/usr/local/share/lua/5.1/lpeg/init.lua'
	no file '/usr/local/openresty/luajit/share/lua/5.1/lpeg.lua'
	no file '/usr/local/openresty/luajit/share/lua/5.1/lpeg/init.lua'
	no file '/usr/local/openresty/site/lualib/lpeg.so'
	no file '/usr/local/openresty/lualib/lpeg.so'
	no file './lpeg.so'
	no file '/usr/local/lib/lua/5.1/lpeg.so'
	no file '/usr/local/openresty/luajit/lib/lua/5.1/lpeg.so'
	no file '/usr/local/lib/lua/5.1/loadall.so'
stack traceback:
	[C]: in function 'require'
	init_by_lua(nginx.conf.compiled:14):2: in main chunk
2023/10/21 12:23:41 [alert] 79665#0: lua_code_cache is off; this will hurt performance in /home/yungblk/Projects/recipeHub-rest-api/nginx.conf.compiled:20
2023/10/21 12:23:41 [error] 79665#0: init_by_lua error: init_by_lua(nginx.conf.compiled:14):2: module 'lpeg' not found:
	no field package.preload['lpeg']
	no file '/usr/local/openresty/site/lualib/lpeg.ljbc'
	no file '/usr/local/openresty/site/lualib/lpeg/init.ljbc'
	no file '/usr/local/openresty/lualib/lpeg.ljbc'
	no file '/usr/local/openresty/lualib/lpeg/init.ljbc'
	no file '/usr/local/openresty/site/lualib/lpeg.lua'
	no file '/usr/local/openresty/site/lualib/lpeg/init.lua'
	no file '/usr/local/openresty/lualib/lpeg.lua'
	no file '/usr/local/openresty/lualib/lpeg/init.lua'
	no file './lpeg.lua'
	no file '/usr/local/openresty/luajit/share/luajit-2.1.0-beta3/lpeg.lua'
	no file '/usr/local/share/lua/5.1/lpeg.lua'
	no file '/usr/local/share/lua/5.1/lpeg/init.lua'
	no file '/usr/local/openresty/luajit/share/lua/5.1/lpeg.lua'
	no file '/usr/local/openresty/luajit/share/lua/5.1/lpeg/init.lua'
	no file '/usr/local/openresty/site/lualib/lpeg.so'
	no file '/usr/local/openresty/lualib/lpeg.so'
	no file './lpeg.so'
	no file '/usr/local/lib/lua/5.1/lpeg.so'
	no file '/usr/local/openresty/luajit/lib/lua/5.1/lpeg.so'
	no file '/usr/local/lib/lua/5.1/loadall.so'
stack traceback:
	[C]: in function 'require'
	init_by_lua(nginx.conf.compiled:14):2: in main chunk
2023/10/21 12:26:00 [alert] 79822#0: lua_code_cache is off; this will hurt performance in /home/yungblk/Projects/recipeHub-rest-api/nginx.conf.compiled:16
2023/10/21 12:26:36 [alert] 79927#0: lua_code_cache is off; this will hurt performance in /home/yungblk/Projects/recipeHub-rest-api/nginx.conf.compiled:16
2023/10/21 12:30:54 [alert] 80134#0: lua_code_cache is off; this will hurt performance in /home/yungblk/Projects/recipeHub-rest-api/nginx.conf.compiled:17
2023/10/21 13:49:35 [alert] 81583#0: lua_code_cache is off; this will hurt performance in /home/yungblk/Projects/recipeHub-rest-api/nginx.conf.compiled:17
2023/10/21 13:51:03 [alert] 82981#0: lua_code_cache is off; this will hurt performance in /home/yungblk/Projects/recipeHub-rest-api/nginx.conf.compiled:17
2023/10/21 13:57:57 [alert] 99885#0: lua_code_cache is off; this will hurt performance in /home/yungblk/Projects/recipeHub-rest-api/nginx.conf.compiled:17
2023/10/21 14:00:42 [alert] 100068#0: lua_code_cache is off; this will hurt performance in /home/yungblk/Projects/recipeHub-rest-api/nginx.conf.compiled:17
2023/10/21 14:13:13 [alert] 101262#0: lua_code_cache is off; this will hurt performance in /home/yungblk/Projects/recipeHub-rest-api/nginx.conf.compiled:17
2023/10/21 14:20:11 [alert] 102375#0: lua_code_cache is off; this will hurt performance in /home/yungblk/Projects/recipeHub-rest-api/nginx.conf.compiled:17
2023/10/21 14:21:39 [alert] 104557#0: lua_code_cache is off; this will hurt performance in /home/yungblk/Projects/recipeHub-rest-api/nginx.conf.compiled:17
2023/10/21 14:30:03 [alert] 105886#0: lua_code_cache is off; this will hurt performance in /home/yungblk/Projects/recipeHub-rest-api/nginx.conf.compiled:17
2023/10/21 14:36:02 [alert] 106220#0: lua_code_cache is off; this will hurt performance in /home/yungblk/Projects/recipeHub-rest-api/nginx.conf.compiled:17
2023/10/21 14:38:12 [alert] 106253#0: lua_code_cache is off; this will hurt performance in /home/yungblk/Projects/recipeHub-rest-api/nginx.conf.compiled:17
2023/10/21 14:46:04 [alert] 106402#0: lua_code_cache is off; this will hurt performance in /home/yungblk/Projects/recipeHub-rest-api/nginx.conf.compiled:17
2023/10/21 15:00:14 [alert] 106769#0: lua_code_cache is off; this will hurt performance in /home/yungblk/Projects/recipeHub-rest-api/nginx.conf.compiled:17
2023/10/21 15:02:03 [alert] 106808#0: lua_code_cache is off; this will hurt performance in /home/yungblk/Projects/recipeHub-rest-api/nginx.conf.compiled:17
2023/10/21 15:05:08 [alert] 107225#0: lua_code_cache is off; this will hurt performance in /home/yungblk/Projects/recipeHub-rest-api/nginx.conf.compiled:17
2023/10/21 15:06:43 [alert] 107253#0: lua_code_cache is off; this will hurt performance in /home/yungblk/Projects/recipeHub-rest-api/nginx.conf.compiled:17
2023/10/21 15:16:53 [alert] 107454#0: lua_code_cache is off; this will hurt performance in /home/yungblk/Projects/recipeHub-rest-api/nginx.conf.compiled:17
2023/10/21 15:37:28 [alert] 107993#0: lua_code_cache is off; this will hurt performance in /home/yungblk/Projects/recipeHub-rest-api/nginx.conf.compiled:17
2023/10/21 21:57:41 [alert] 126211#0: lua_code_cache is off; this will hurt performance in /home/yungblk/Projects/recipeHub-1.0.0/nginx.conf.compiled:17
2023/10/21 22:30:24 [alert] 127524#0: lua_code_cache is off; this will hurt performance in /home/yungblk/Projects/recipeHub-1.0.0/nginx.conf.compiled:17
2023/10/21 22:32:08 [alert] 127670#0: lua_code_cache is off; this will hurt performance in /home/yungblk/Projects/recipeHub-1.0.0/nginx.conf.compiled:17
2023/10/21 22:39:27 [alert] 128157#0: lua_code_cache is off; this will hurt performance in /home/yungblk/Projects/recipeHub-1.0.0/nginx.conf.compiled:17
2023/10/22 10:50:16 [alert] 146629#0: lua_code_cache is off; this will hurt performance in /home/yungblk/Projects/recipeHub-1.0.0/nginx.conf.compiled:17
2023/10/22 18:29:34 [alert] 173650#0: lua_code_cache is off; this will hurt performance in /home/yungblk/Projects/recipeHub-1.0.0/nginx.conf.compiled:17
2023/10/22 18:31:00 [alert] 173754#0: lua_code_cache is off; this will hurt performance in /home/yungblk/Projects/recipeHub-1.0.0/nginx.conf.compiled:17
2023/10/24 21:16:22 [alert] 40294#0: lua_code_cache is off; this will hurt performance in /home/yungblk/Projects/recipeHub-1.0.0/nginx.conf.compiled:17
2023/10/24 21:38:56 [alert] 41380#0: lua_code_cache is off; this will hurt performance in /home/yungblk/Projects/recipeHub-1.0.0/nginx.conf.compiled:17
2023/10/24 21:44:08 [alert] 41742#0: lua_code_cache is off; this will hurt performance in /home/yungblk/Projects/recipeHub-1.0.0/nginx.conf.compiled:17
2023/10/24 21:47:03 [alert] 42096#0: lua_code_cache is off; this will hurt performance in /home/yungblk/Projects/recipeHub-1.0.0/nginx.conf.compiled:17
2023/10/25 19:05:46 [alert] 82447#0: lua_code_cache is off; this will hurt performance in /home/yungblk/Projects/recipeHub-1.0.0/nginx.conf.compiled:17
2023/10/25 19:26:32 [alert] 83846#0: lua_code_cache is off; this will hurt performance in /home/yungblk/Projects/recipeHub-1.0.0/nginx.conf.compiled:17
2023/10/31 21:08:18 [alert] 40874#0: lua_code_cache is off; this will hurt performance in /home/yungblk/Projects/recipeHub-1.0.0/nginx.conf.compiled:17
2023/10/31 21:18:05 [alert] 41171#0: lua_code_cache is off; this will hurt performance in /home/yungblk/Projects/recipeHub-1.0.0/nginx.conf.compiled:17
2023/11/01 17:57:07 [alert] 69223#0: lua_code_cache is off; this will hurt performance in /home/yungblk/Projects/recipeHub-1.0.0/nginx.conf.compiled:17
2023/11/01 17:57:32 [alert] 69327#0: lua_code_cache is off; this will hurt performance in /home/yungblk/Projects/recipeHub-1.0.0/nginx.conf.compiled:17
2023/11/01 20:23:06 [alert] 79147#0: lua_code_cache is off; this will hurt performance in /home/yungblk/Projects/recipeHub-1.0.0/nginx.conf.compiled:17
2023/11/01 20:29:56 [alert] 79581#0: lua_code_cache is off; this will hurt performance in /home/yungblk/Projects/recipeHub-1.0.0/nginx.conf.compiled:17
2023/11/01 20:59:07 [alert] 80409#0: lua_code_cache is off; this will hurt performance in /home/yungblk/Projects/recipeHub-1.0.0/nginx.conf.compiled:17
2023/11/01 20:59:12 [alert] 80437#0: lua_code_cache is off; this will hurt performance in /home/yungblk/Projects/recipeHub-1.0.0/nginx.conf.compiled:17
2023/11/01 20:59:23 [alert] 80466#0: lua_code_cache is off; this will hurt performance in /home/yungblk/Projects/recipeHub-1.0.0/nginx.conf.compiled:17
2023/11/01 20:59:37 [alert] 80696#0: lua_code_cache is off; this will hurt performance in /home/yungblk/Projects/recipeHub-1.0.0/nginx.conf.compiled:17
2023/11/01 21:00:14 [alert] 80781#0: lua_code_cache is off; this will hurt performance in /home/yungblk/Projects/recipeHub-1.0.0/nginx.conf.compiled:17
2023/11/01 21:00:24 [alert] 80827#0: lua_code_cache is off; this will hurt performance in /home/yungblk/Projects/recipeHub-1.0.0/nginx.conf.compiled:17
2023/11/01 22:04:23 [alert] 85177#0: lua_code_cache is off; this will hurt performance in /home/yungblk/Projects/recipeHub-1.0.0/nginx.conf.compiled:17
2023/11/02 12:38:28 [alert] 108789#0: lua_code_cache is off; this will hurt performance in /home/yungblk/Projects/recipeHub-1.0.0/nginx.conf.compiled:17
2023/11/02 14:13:25 [alert] 114112#0: lua_code_cache is off; this will hurt performance in /home/yungblk/Projects/recipeHub-1.0.0/nginx.conf.compiled:17
2023/11/03 20:35:53 [alert] 188044#0: lua_code_cache is off; this will hurt performance in /home/yungblk/Projects/recipeHub-1.0.0/nginx.conf.compiled:17
2023/11/05 14:59:13 [alert] 49416#0: lua_code_cache is off; this will hurt performance in /home/yungblk/Projects/recipeHub-1.0.0/nginx.conf.compiled:17
2023/11/05 15:07:51 [alert] 51593#0: lua_code_cache is off; this will hurt performance in /home/yungblk/Projects/recipeHub-1.0.0/nginx.conf.compiled:17
2023/11/05 22:34:48 [alert] 77128#0: lua_code_cache is off; this will hurt performance in /home/yungblk/Projects/recipeHub-1.0.0/nginx.conf.compiled:17
